Determining if the pthread_create exist failed with the following output:
Change Dir: /home/panos/Desktop/pcl/src/pipeline/build/CMakeFiles/CMakeTmp

Run Build Command:/usr/bin/make "cmTryCompileExec3717812569/fast"
/usr/bin/make -f CMakeFiles/cmTryCompileExec3717812569.dir/build.make CMakeFiles/cmTryCompileExec3717812569.dir/build
make[1]: Entering directory `/home/panos/Desktop/pcl/src/pipeline/build/CMakeFiles/CMakeTmp'
/usr/bin/cmake -E cmake_progress_report /home/panos/Desktop/pcl/src/pipeline/build/CMakeFiles/CMakeTmp/CMakeFiles 1
Building C object CMakeFiles/cmTryCompileExec3717812569.dir/CheckSymbolExists.c.o
/usr/bin/cc    -o CMakeFiles/cmTryCompileExec3717812569.dir/CheckSymbolExists.c.o   -c /home/panos/Desktop/pcl/src/pipeline/build/CMakeFiles/CMakeTmp/CheckSymbolExists.c
Linking C executable cmTryCompileExec3717812569
/usr/bin/cmake -E cmake_link_script CMakeFiles/cmTryCompileExec3717812569.dir/link.txt --verbose=1
/usr/bin/cc       CMakeFiles/cmTryCompileExec3717812569.dir/CheckSymbolExists.c.o  -o cmTryCompileExec3717812569 -rdynamic 
CMakeFiles/cmTryCompileExec3717812569.dir/CheckSymbolExists.c.o: In function `main':
CheckSymbolExists.c:(.text+0x16): undefined reference to `pthread_create'
collect2: error: ld returned 1 exit status
make[1]: *** [cmTryCompileExec3717812569] Error 1
make[1]: Leaving directory `/home/panos/Desktop/pcl/src/pipeline/build/CMakeFiles/CMakeTmp'
make: *** [cmTryCompileExec3717812569/fast] Error 2

File /home/panos/Desktop/pcl/src/pipeline/build/CMakeFiles/CMakeTmp/CheckSymbolExists.c:
/* */
#include <pthread.h>

int main(int argc, char** argv)
{
  (void)argv;
#ifndef pthread_create
  return ((int*)(&pthread_create))[argc];
#else
  (void)argc;
  return 0;
#endif
}

Determining if the function pthread_create exists in the pthreads failed with the following output:
Change Dir: /home/panos/Desktop/pcl/src/pipeline/build/CMakeFiles/CMakeTmp

Run Build Command:/usr/bin/make "cmTryCompileExec68282914/fast"
/usr/bin/make -f CMakeFiles/cmTryCompileExec68282914.dir/build.make CMakeFiles/cmTryCompileExec68282914.dir/build
make[1]: Entering directory `/home/panos/Desktop/pcl/src/pipeline/build/CMakeFiles/CMakeTmp'
/usr/bin/cmake -E cmake_progress_report /home/panos/Desktop/pcl/src/pipeline/build/CMakeFiles/CMakeTmp/CMakeFiles 1
Building C object CMakeFiles/cmTryCompileExec68282914.dir/CheckFunctionExists.c.o
/usr/bin/cc   -DCHECK_FUNCTION_EXISTS=pthread_create   -o CMakeFiles/cmTryCompileExec68282914.dir/CheckFunctionExists.c.o   -c /usr/share/cmake-2.8/Modules/CheckFunctionExists.c
Linking C executable cmTryCompileExec68282914
/usr/bin/cmake -E cmake_link_script CMakeFiles/cmTryCompileExec68282914.dir/link.txt --verbose=1
/usr/bin/cc   -DCHECK_FUNCTION_EXISTS=pthread_create    CMakeFiles/cmTryCompileExec68282914.dir/CheckFunctionExists.c.o  -o cmTryCompileExec68282914 -rdynamic -lpthreads 
/usr/bin/ld: cannot find -lpthreads
collect2: error: ld returned 1 exit status
make[1]: *** [cmTryCompileExec68282914] Error 1
make[1]: Leaving directory `/home/panos/Desktop/pcl/src/pipeline/build/CMakeFiles/CMakeTmp'
make: *** [cmTryCompileExec68282914/fast] Error 2


